{"C:\\Users\\Anthony\\Documents\\code\\solo\\paper-dragon\\src\\App.js": {"path":"C:\\Users\\Anthony\\Documents\\code\\solo\\paper-dragon\\src\\App.js","statementMap":{"0":{"start":{"line":6,"column":12},"end":{"line":13,"column":1}},"1":{"start":{"line":7,"column":2},"end":{"line":12,"column":4}}},"fnMap":{"0":{"name":"(anonymous_0)","decl":{"start":{"line":6,"column":12},"end":{"line":6,"column":13}},"loc":{"start":{"line":6,"column":18},"end":{"line":13,"column":1}},"line":6}},"branchMap":{},"s":{"0":1,"1":1},"f":{"0":1},"b":{},"_coverageSchema":"43e27e138ebf9cfc5966b082cf9a028302ed4184","hash":"cebe864101dcc3d8ee822619408d34f95ef3d546"}
,"C:\\Users\\Anthony\\Documents\\code\\solo\\paper-dragon\\src\\Root.js": {"path":"C:\\Users\\Anthony\\Documents\\code\\solo\\paper-dragon\\src\\Root.js","statementMap":{"0":{"start":{"line":11,"column":2},"end":{"line":17,"column":4}}},"fnMap":{"0":{"name":"(anonymous_0)","decl":{"start":{"line":10,"column":15},"end":{"line":10,"column":16}},"loc":{"start":{"line":10,"column":24},"end":{"line":18,"column":1}},"line":10}},"branchMap":{},"s":{"0":1},"f":{"0":1},"b":{},"_coverageSchema":"43e27e138ebf9cfc5966b082cf9a028302ed4184","hash":"f20190a31b21095a1e293a7a8845235b028194b7"}
,"C:\\Users\\Anthony\\Documents\\code\\solo\\paper-dragon\\src\\Routes.js": {"path":"C:\\Users\\Anthony\\Documents\\code\\solo\\paper-dragon\\src\\Routes.js","statementMap":{"0":{"start":{"line":11,"column":15},"end":{"line":22,"column":1}},"1":{"start":{"line":12,"column":2},"end":{"line":21,"column":4}}},"fnMap":{"0":{"name":"(anonymous_0)","decl":{"start":{"line":11,"column":15},"end":{"line":11,"column":16}},"loc":{"start":{"line":11,"column":21},"end":{"line":22,"column":1}},"line":11}},"branchMap":{},"s":{"0":1,"1":0},"f":{"0":0},"b":{},"_coverageSchema":"43e27e138ebf9cfc5966b082cf9a028302ed4184","hash":"29554a91e9860e7f24ef838fa60fa174529763cd"}
,"C:\\Users\\Anthony\\Documents\\code\\solo\\paper-dragon\\src\\history.js": {"path":"C:\\Users\\Anthony\\Documents\\code\\solo\\paper-dragon\\src\\history.js","statementMap":{},"fnMap":{},"branchMap":{},"s":{},"f":{},"b":{},"_coverageSchema":"43e27e138ebf9cfc5966b082cf9a028302ed4184","hash":"9efb12b23a274501d57682764998b5ddeb58e90b"}
,"C:\\Users\\Anthony\\Documents\\code\\solo\\paper-dragon\\src\\actions\\index.js": {"path":"C:\\Users\\Anthony\\Documents\\code\\solo\\paper-dragon\\src\\actions\\index.js","statementMap":{"0":{"start":{"line":1,"column":30},"end":{"line":1,"column":46}},"1":{"start":{"line":2,"column":32},"end":{"line":2,"column":50}},"2":{"start":{"line":3,"column":34},"end":{"line":3,"column":54}},"3":{"start":{"line":4,"column":21},"end":{"line":4,"column":28}},"4":{"start":{"line":5,"column":23},"end":{"line":5,"column":32}},"5":{"start":{"line":6,"column":23},"end":{"line":6,"column":32}},"6":{"start":{"line":8,"column":26},"end":{"line":15,"column":1}},"7":{"start":{"line":9,"column":2},"end":{"line":14,"column":4}},"8":{"start":{"line":17,"column":33},"end":{"line":22,"column":1}},"9":{"start":{"line":18,"column":2},"end":{"line":21,"column":4}}},"fnMap":{"0":{"name":"(anonymous_0)","decl":{"start":{"line":8,"column":26},"end":{"line":8,"column":27}},"loc":{"start":{"line":8,"column":48},"end":{"line":15,"column":1}},"line":8},"1":{"name":"(anonymous_1)","decl":{"start":{"line":17,"column":33},"end":{"line":17,"column":34}},"loc":{"start":{"line":17,"column":46},"end":{"line":22,"column":1}},"line":17}},"branchMap":{},"s":{"0":2,"1":2,"2":2,"3":2,"4":2,"5":2,"6":2,"7":0,"8":2,"9":0},"f":{"0":0,"1":0},"b":{},"_coverageSchema":"43e27e138ebf9cfc5966b082cf9a028302ed4184","hash":"96fdeb4d1cf00e570e27bcca1cc838c1b7e3c444"}
,"C:\\Users\\Anthony\\Documents\\code\\solo\\paper-dragon\\src\\components\\AccountSetting.js": {"path":"C:\\Users\\Anthony\\Documents\\code\\solo\\paper-dragon\\src\\components\\AccountSetting.js","statementMap":{"0":{"start":{"line":4,"column":11},"end":{"line":6,"column":3}},"1":{"start":{"line":5,"column":4},"end":{"line":5,"column":46}}},"fnMap":{"0":{"name":"(anonymous_0)","decl":{"start":{"line":4,"column":11},"end":{"line":4,"column":12}},"loc":{"start":{"line":4,"column":17},"end":{"line":6,"column":3}},"line":4}},"branchMap":{},"s":{"0":0,"1":0},"f":{"0":0},"b":{},"_coverageSchema":"43e27e138ebf9cfc5966b082cf9a028302ed4184","hash":"741f0e51faf2c02bbb9682d84b943cd6f502ade2"}
,"C:\\Users\\Anthony\\Documents\\code\\solo\\paper-dragon\\src\\components\\Header.js": {"path":"C:\\Users\\Anthony\\Documents\\code\\solo\\paper-dragon\\src\\components\\Header.js","statementMap":{"0":{"start":{"line":7,"column":15},"end":{"line":32,"column":1}},"1":{"start":{"line":8,"column":25},"end":{"line":8,"column":29}},"2":{"start":{"line":10,"column":2},"end":{"line":31,"column":11}},"3":{"start":{"line":24,"column":12},"end":{"line":24,"column":53}},"4":{"start":{"line":34,"column":24},"end":{"line":37,"column":1}},"5":{"start":{"line":35,"column":19},"end":{"line":35,"column":24}},"6":{"start":{"line":36,"column":2},"end":{"line":36,"column":18}}},"fnMap":{"0":{"name":"(anonymous_0)","decl":{"start":{"line":7,"column":15},"end":{"line":7,"column":16}},"loc":{"start":{"line":7,"column":41},"end":{"line":32,"column":1}},"line":7},"1":{"name":"(anonymous_1)","decl":{"start":{"line":23,"column":19},"end":{"line":23,"column":20}},"loc":{"start":{"line":23,"column":25},"end":{"line":25,"column":11}},"line":23},"2":{"name":"(anonymous_2)","decl":{"start":{"line":34,"column":24},"end":{"line":34,"column":25}},"loc":{"start":{"line":34,"column":33},"end":{"line":37,"column":1}},"line":34}},"branchMap":{"0":{"loc":{"start":{"line":10,"column":9},"end":{"line":31,"column":10}},"type":"cond-expr","locations":[{"start":{"line":11,"column":4},"end":{"line":30,"column":10}},{"start":{"line":31,"column":6},"end":{"line":31,"column":10}}],"line":10}},"s":{"0":1,"1":0,"2":0,"3":0,"4":1,"5":0,"6":0},"f":{"0":0,"1":0,"2":0},"b":{"0":[0,0]},"_coverageSchema":"43e27e138ebf9cfc5966b082cf9a028302ed4184","hash":"fd4e0cf81811d83dd192986169394abe6e043e28"}
,"C:\\Users\\Anthony\\Documents\\code\\solo\\paper-dragon\\src\\components\\HomePage.js": {"path":"C:\\Users\\Anthony\\Documents\\code\\solo\\paper-dragon\\src\\components\\HomePage.js","statementMap":{"0":{"start":{"line":9,"column":10},"end":{"line":9,"column":40}},"1":{"start":{"line":11,"column":16},"end":{"line":29,"column":3}},"2":{"start":{"line":12,"column":27},"end":{"line":12,"column":37}},"3":{"start":{"line":14,"column":35},"end":{"line":14,"column":45}},"4":{"start":{"line":16,"column":23},"end":{"line":16,"column":62}},"5":{"start":{"line":18,"column":38},"end":{"line":18,"column":53}},"6":{"start":{"line":20,"column":4},"end":{"line":28,"column":5}},"7":{"start":{"line":21,"column":6},"end":{"line":21,"column":42}},"8":{"start":{"line":23,"column":6},"end":{"line":23,"column":44}},"9":{"start":{"line":25,"column":6},"end":{"line":25,"column":52}},"10":{"start":{"line":27,"column":6},"end":{"line":27,"column":29}},"11":{"start":{"line":31,"column":20},"end":{"line":35,"column":3}},"12":{"start":{"line":32,"column":31},"end":{"line":32,"column":43}},"13":{"start":{"line":34,"column":4},"end":{"line":34,"column":36}},"14":{"start":{"line":37,"column":11},"end":{"line":70,"column":3}},"15":{"start":{"line":38,"column":45},"end":{"line":38,"column":49}},"16":{"start":{"line":40,"column":27},"end":{"line":40,"column":42}},"17":{"start":{"line":42,"column":4},"end":{"line":69,"column":6}},"18":{"start":{"line":73,"column":24},"end":{"line":76,"column":1}},"19":{"start":{"line":74,"column":19},"end":{"line":74,"column":24}},"20":{"start":{"line":75,"column":2},"end":{"line":75,"column":18}}},"fnMap":{"0":{"name":"(anonymous_0)","decl":{"start":{"line":11,"column":16},"end":{"line":11,"column":17}},"loc":{"start":{"line":11,"column":28},"end":{"line":29,"column":3}},"line":11},"1":{"name":"(anonymous_1)","decl":{"start":{"line":31,"column":20},"end":{"line":31,"column":21}},"loc":{"start":{"line":31,"column":29},"end":{"line":35,"column":3}},"line":31},"2":{"name":"(anonymous_2)","decl":{"start":{"line":37,"column":11},"end":{"line":37,"column":12}},"loc":{"start":{"line":37,"column":17},"end":{"line":70,"column":3}},"line":37},"3":{"name":"(anonymous_3)","decl":{"start":{"line":73,"column":24},"end":{"line":73,"column":25}},"loc":{"start":{"line":73,"column":33},"end":{"line":76,"column":1}},"line":73}},"branchMap":{"0":{"loc":{"start":{"line":20,"column":4},"end":{"line":28,"column":5}},"type":"if","locations":[{"start":{"line":20,"column":4},"end":{"line":28,"column":5}},{"start":{"line":20,"column":4},"end":{"line":28,"column":5}}],"line":20},"1":{"loc":{"start":{"line":45,"column":9},"end":{"line":67,"column":9}},"type":"cond-expr","locations":[{"start":{"line":46,"column":10},"end":{"line":59,"column":16}},{"start":{"line":61,"column":10},"end":{"line":66,"column":16}}],"line":45}},"s":{"0":0,"1":0,"2":0,"3":0,"4":0,"5":0,"6":0,"7":0,"8":0,"9":0,"10":0,"11":0,"12":0,"13":0,"14":0,"15":0,"16":0,"17":0,"18":1,"19":0,"20":0},"f":{"0":0,"1":0,"2":0,"3":0},"b":{"0":[0,0],"1":[0,0]},"_coverageSchema":"43e27e138ebf9cfc5966b082cf9a028302ed4184","hash":"639793f190941cac6ae8f5b7c9705232232d982a"}
,"C:\\Users\\Anthony\\Documents\\code\\solo\\paper-dragon\\src\\components\\SignUp.js": {"path":"C:\\Users\\Anthony\\Documents\\code\\solo\\paper-dragon\\src\\components\\SignUp.js","statementMap":{"0":{"start":{"line":8,"column":10},"end":{"line":8,"column":74}},"1":{"start":{"line":10,"column":21},"end":{"line":32,"column":3}},"2":{"start":{"line":11,"column":32},"end":{"line":11,"column":36}},"3":{"start":{"line":13,"column":30},"end":{"line":13,"column":40}},"4":{"start":{"line":15,"column":61},"end":{"line":15,"column":71}},"5":{"start":{"line":17,"column":18},"end":{"line":17,"column":51}},"6":{"start":{"line":21,"column":4},"end":{"line":31,"column":5}},"7":{"start":{"line":22,"column":6},"end":{"line":22,"column":46}},"8":{"start":{"line":24,"column":23},"end":{"line":24,"column":34}},"9":{"start":{"line":26,"column":6},"end":{"line":26,"column":18}},"10":{"start":{"line":28,"column":6},"end":{"line":28,"column":24}},"11":{"start":{"line":30,"column":6},"end":{"line":30,"column":41}},"12":{"start":{"line":34,"column":19},"end":{"line":40,"column":3}},"13":{"start":{"line":35,"column":31},"end":{"line":35,"column":43}},"14":{"start":{"line":37,"column":27},"end":{"line":37,"column":37}},"15":{"start":{"line":39,"column":4},"end":{"line":39,"column":36}},"16":{"start":{"line":42,"column":20},"end":{"line":47,"column":3}},"17":{"start":{"line":43,"column":4},"end":{"line":45,"column":5}},"18":{"start":{"line":44,"column":6},"end":{"line":44,"column":18}},"19":{"start":{"line":46,"column":4},"end":{"line":46,"column":17}},"20":{"start":{"line":50,"column":49},"end":{"line":50,"column":53}},"21":{"start":{"line":52,"column":4},"end":{"line":91,"column":6}},"22":{"start":{"line":95,"column":24},"end":{"line":98,"column":1}},"23":{"start":{"line":96,"column":19},"end":{"line":96,"column":24}},"24":{"start":{"line":97,"column":2},"end":{"line":97,"column":18}}},"fnMap":{"0":{"name":"(anonymous_0)","decl":{"start":{"line":10,"column":21},"end":{"line":10,"column":22}},"loc":{"start":{"line":10,"column":33},"end":{"line":32,"column":3}},"line":10},"1":{"name":"(anonymous_1)","decl":{"start":{"line":34,"column":19},"end":{"line":34,"column":20}},"loc":{"start":{"line":34,"column":28},"end":{"line":40,"column":3}},"line":34},"2":{"name":"(anonymous_2)","decl":{"start":{"line":42,"column":20},"end":{"line":42,"column":21}},"loc":{"start":{"line":42,"column":41},"end":{"line":47,"column":3}},"line":42},"3":{"name":"(anonymous_3)","decl":{"start":{"line":49,"column":2},"end":{"line":49,"column":3}},"loc":{"start":{"line":49,"column":11},"end":{"line":92,"column":3}},"line":49},"4":{"name":"(anonymous_4)","decl":{"start":{"line":95,"column":24},"end":{"line":95,"column":25}},"loc":{"start":{"line":95,"column":33},"end":{"line":98,"column":1}},"line":95}},"branchMap":{"0":{"loc":{"start":{"line":21,"column":4},"end":{"line":31,"column":5}},"type":"if","locations":[{"start":{"line":21,"column":4},"end":{"line":31,"column":5}},{"start":{"line":21,"column":4},"end":{"line":31,"column":5}}],"line":21},"1":{"loc":{"start":{"line":43,"column":4},"end":{"line":45,"column":5}},"type":"if","locations":[{"start":{"line":43,"column":4},"end":{"line":45,"column":5}},{"start":{"line":43,"column":4},"end":{"line":45,"column":5}}],"line":43}},"s":{"0":0,"1":0,"2":0,"3":0,"4":0,"5":0,"6":0,"7":0,"8":0,"9":0,"10":0,"11":0,"12":0,"13":0,"14":0,"15":0,"16":0,"17":0,"18":0,"19":0,"20":0,"21":0,"22":2,"23":0,"24":0},"f":{"0":0,"1":0,"2":0,"3":0,"4":0},"b":{"0":[0,0],"1":[0,0]},"_coverageSchema":"43e27e138ebf9cfc5966b082cf9a028302ed4184","hash":"4b322327877c58426268b56deb4b5e55d9f7f0ab"}
,"C:\\Users\\Anthony\\Documents\\code\\solo\\paper-dragon\\src\\components\\character\\Character.js": {"path":"C:\\Users\\Anthony\\Documents\\code\\solo\\paper-dragon\\src\\components\\character\\Character.js","statementMap":{"0":{"start":{"line":4,"column":18},"end":{"line":16,"column":1}},"1":{"start":{"line":5,"column":41},"end":{"line":5,"column":50}},"2":{"start":{"line":7,"column":2},"end":{"line":15,"column":4}},"3":{"start":{"line":18,"column":24},"end":{"line":21,"column":1}},"4":{"start":{"line":19,"column":32},"end":{"line":19,"column":47}},"5":{"start":{"line":20,"column":2},"end":{"line":20,"column":42}}},"fnMap":{"0":{"name":"(anonymous_0)","decl":{"start":{"line":4,"column":18},"end":{"line":4,"column":19}},"loc":{"start":{"line":4,"column":37},"end":{"line":16,"column":1}},"line":4},"1":{"name":"(anonymous_1)","decl":{"start":{"line":18,"column":24},"end":{"line":18,"column":25}},"loc":{"start":{"line":18,"column":33},"end":{"line":21,"column":1}},"line":18}},"branchMap":{},"s":{"0":1,"1":0,"2":0,"3":1,"4":0,"5":0},"f":{"0":0,"1":0},"b":{},"_coverageSchema":"43e27e138ebf9cfc5966b082cf9a028302ed4184","hash":"61fe376c72443bbcccf57c7c2e33d43402b72816"}
,"C:\\Users\\Anthony\\Documents\\code\\solo\\paper-dragon\\src\\components\\character\\CharacterList.js": {"path":"C:\\Users\\Anthony\\Documents\\code\\solo\\paper-dragon\\src\\components\\character\\CharacterList.js","statementMap":{"0":{"start":{"line":7,"column":22},"end":{"line":28,"column":1}},"1":{"start":{"line":8,"column":32},"end":{"line":8,"column":79}},"2":{"start":{"line":8,"column":45},"end":{"line":8,"column":79}},"3":{"start":{"line":8,"column":51},"end":{"line":8,"column":79}},"4":{"start":{"line":10,"column":2},"end":{"line":27,"column":4}},"5":{"start":{"line":14,"column":8},"end":{"line":24,"column":10}}},"fnMap":{"0":{"name":"(anonymous_0)","decl":{"start":{"line":7,"column":22},"end":{"line":7,"column":23}},"loc":{"start":{"line":7,"column":61},"end":{"line":28,"column":1}},"line":7},"1":{"name":"(anonymous_1)","decl":{"start":{"line":8,"column":32},"end":{"line":8,"column":33}},"loc":{"start":{"line":8,"column":45},"end":{"line":8,"column":79}},"line":8},"2":{"name":"(anonymous_2)","decl":{"start":{"line":8,"column":45},"end":{"line":8,"column":46}},"loc":{"start":{"line":8,"column":51},"end":{"line":8,"column":79}},"line":8},"3":{"name":"(anonymous_3)","decl":{"start":{"line":13,"column":22},"end":{"line":13,"column":23}},"loc":{"start":{"line":13,"column":40},"end":{"line":25,"column":7}},"line":13}},"branchMap":{},"s":{"0":1,"1":0,"2":0,"3":0,"4":0,"5":0},"f":{"0":0,"1":0,"2":0,"3":0},"b":{},"_coverageSchema":"43e27e138ebf9cfc5966b082cf9a028302ed4184","hash":"302d9e3cfdcaad4c3adc340b18ea1ccb8db2a2c1"}
,"C:\\Users\\Anthony\\Documents\\code\\solo\\paper-dragon\\src\\components\\character\\CharacterPage.js": {"path":"C:\\Users\\Anthony\\Documents\\code\\solo\\paper-dragon\\src\\components\\character\\CharacterPage.js","statementMap":{"0":{"start":{"line":9,"column":10},"end":{"line":9,"column":28}},"1":{"start":{"line":11,"column":22},"end":{"line":18,"column":3}},"2":{"start":{"line":12,"column":23},"end":{"line":12,"column":38}},"3":{"start":{"line":14,"column":18},"end":{"line":14,"column":47}},"4":{"start":{"line":15,"column":21},"end":{"line":15,"column":26}},"5":{"start":{"line":17,"column":4},"end":{"line":17,"column":40}},"6":{"start":{"line":20,"column":11},"end":{"line":37,"column":3}},"7":{"start":{"line":21,"column":27},"end":{"line":21,"column":37}},"8":{"start":{"line":23,"column":4},"end":{"line":36,"column":6}},"9":{"start":{"line":40,"column":24},"end":{"line":43,"column":1}},"10":{"start":{"line":41,"column":34},"end":{"line":41,"column":39}},"11":{"start":{"line":42,"column":2},"end":{"line":42,"column":33}}},"fnMap":{"0":{"name":"(anonymous_0)","decl":{"start":{"line":11,"column":22},"end":{"line":11,"column":23}},"loc":{"start":{"line":11,"column":34},"end":{"line":18,"column":3}},"line":11},"1":{"name":"(anonymous_1)","decl":{"start":{"line":20,"column":11},"end":{"line":20,"column":12}},"loc":{"start":{"line":20,"column":17},"end":{"line":37,"column":3}},"line":20},"2":{"name":"(anonymous_2)","decl":{"start":{"line":40,"column":24},"end":{"line":40,"column":25}},"loc":{"start":{"line":40,"column":33},"end":{"line":43,"column":1}},"line":40}},"branchMap":{"0":{"loc":{"start":{"line":28,"column":9},"end":{"line":34,"column":9}},"type":"cond-expr","locations":[{"start":{"line":29,"column":10},"end":{"line":29,"column":29}},{"start":{"line":31,"column":10},"end":{"line":33,"column":16}}],"line":28}},"s":{"0":0,"1":0,"2":0,"3":0,"4":0,"5":0,"6":0,"7":0,"8":0,"9":1,"10":0,"11":0},"f":{"0":0,"1":0,"2":0},"b":{"0":[0,0]},"_coverageSchema":"43e27e138ebf9cfc5966b082cf9a028302ed4184","hash":"a9e35060e47907e5c64cef288b1c5d6834192fb9"}
,"C:\\Users\\Anthony\\Documents\\code\\solo\\paper-dragon\\src\\components\\character\\CreateCharacterPage.js": {"path":"C:\\Users\\Anthony\\Documents\\code\\solo\\paper-dragon\\src\\components\\character\\CreateCharacterPage.js","statementMap":{"0":{"start":{"line":7,"column":10},"end":{"line":7,"column":37}},"1":{"start":{"line":9,"column":26},"end":{"line":13,"column":3}},"2":{"start":{"line":10,"column":26},"end":{"line":10,"column":38}},"3":{"start":{"line":12,"column":4},"end":{"line":12,"column":35}},"4":{"start":{"line":15,"column":26},"end":{"line":27,"column":3}},"5":{"start":{"line":16,"column":27},"end":{"line":16,"column":37}},"6":{"start":{"line":18,"column":30},"end":{"line":18,"column":40}},"7":{"start":{"line":20,"column":23},"end":{"line":20,"column":27}},"8":{"start":{"line":22,"column":25},"end":{"line":22,"column":70}},"9":{"start":{"line":24,"column":4},"end":{"line":24,"column":29}},"10":{"start":{"line":26,"column":4},"end":{"line":26,"column":35}},"11":{"start":{"line":30,"column":61},"end":{"line":30,"column":65}},"12":{"start":{"line":31,"column":4},"end":{"line":49,"column":6}},"13":{"start":{"line":53,"column":24},"end":{"line":56,"column":1}},"14":{"start":{"line":54,"column":19},"end":{"line":54,"column":24}},"15":{"start":{"line":55,"column":2},"end":{"line":55,"column":18}}},"fnMap":{"0":{"name":"(anonymous_0)","decl":{"start":{"line":9,"column":26},"end":{"line":9,"column":27}},"loc":{"start":{"line":9,"column":35},"end":{"line":13,"column":3}},"line":9},"1":{"name":"(anonymous_1)","decl":{"start":{"line":15,"column":26},"end":{"line":15,"column":27}},"loc":{"start":{"line":15,"column":38},"end":{"line":27,"column":3}},"line":15},"2":{"name":"(anonymous_2)","decl":{"start":{"line":29,"column":2},"end":{"line":29,"column":3}},"loc":{"start":{"line":29,"column":11},"end":{"line":50,"column":3}},"line":29},"3":{"name":"(anonymous_3)","decl":{"start":{"line":53,"column":24},"end":{"line":53,"column":25}},"loc":{"start":{"line":53,"column":33},"end":{"line":56,"column":1}},"line":53}},"branchMap":{},"s":{"0":0,"1":0,"2":0,"3":0,"4":0,"5":0,"6":0,"7":0,"8":0,"9":0,"10":0,"11":0,"12":0,"13":1,"14":0,"15":0},"f":{"0":0,"1":0,"2":0,"3":0},"b":{},"_coverageSchema":"43e27e138ebf9cfc5966b082cf9a028302ed4184","hash":"dee8d776b78e6aaf5c758a525d39f7aecd6d2876"}
,"C:\\Users\\Anthony\\Documents\\code\\solo\\paper-dragon\\src\\proxies\\Character.js": {"path":"C:\\Users\\Anthony\\Documents\\code\\solo\\paper-dragon\\src\\proxies\\Character.js","statementMap":{"0":{"start":{"line":4,"column":2},"end":{"line":4,"column":45}},"1":{"start":{"line":8,"column":2},"end":{"line":8,"column":64}}},"fnMap":{"0":{"name":"createCharacter","decl":{"start":{"line":3,"column":16},"end":{"line":3,"column":31}},"loc":{"start":{"line":3,"column":43},"end":{"line":5,"column":1}},"line":3},"1":{"name":"fetchCharacters","decl":{"start":{"line":7,"column":16},"end":{"line":7,"column":31}},"loc":{"start":{"line":7,"column":40},"end":{"line":9,"column":1}},"line":7}},"branchMap":{},"s":{"0":0,"1":0},"f":{"0":0,"1":0},"b":{},"_coverageSchema":"43e27e138ebf9cfc5966b082cf9a028302ed4184","hash":"7f5a1415d2f6491c200f78d5feec12eb387cb3e4"}
,"C:\\Users\\Anthony\\Documents\\code\\solo\\paper-dragon\\src\\proxies\\User.js": {"path":"C:\\Users\\Anthony\\Documents\\code\\solo\\paper-dragon\\src\\proxies\\User.js","statementMap":{"0":{"start":{"line":4,"column":2},"end":{"line":4,"column":33}},"1":{"start":{"line":8,"column":2},"end":{"line":12,"column":5}}},"fnMap":{"0":{"name":"createUser","decl":{"start":{"line":3,"column":16},"end":{"line":3,"column":26}},"loc":{"start":{"line":3,"column":33},"end":{"line":5,"column":1}},"line":3},"1":{"name":"userLogIn","decl":{"start":{"line":7,"column":16},"end":{"line":7,"column":25}},"loc":{"start":{"line":7,"column":32},"end":{"line":13,"column":1}},"line":7}},"branchMap":{},"s":{"0":0,"1":0},"f":{"0":0,"1":0},"b":{},"_coverageSchema":"43e27e138ebf9cfc5966b082cf9a028302ed4184","hash":"c5d6f727c00077b5b985dd9604ac95f82efc48a7"}
,"C:\\Users\\Anthony\\Documents\\code\\solo\\paper-dragon\\src\\proxies\\api.js": {"path":"C:\\Users\\Anthony\\Documents\\code\\solo\\paper-dragon\\src\\proxies\\api.js","statementMap":{},"fnMap":{},"branchMap":{},"s":{},"f":{},"b":{},"_coverageSchema":"43e27e138ebf9cfc5966b082cf9a028302ed4184","hash":"e950d97325659ed30c9b903980271dcaa64ffe78"}
,"C:\\Users\\Anthony\\Documents\\code\\solo\\paper-dragon\\src\\reducers\\UserReducer.js": {"path":"C:\\Users\\Anthony\\Documents\\code\\solo\\paper-dragon\\src\\reducers\\UserReducer.js","statementMap":{"0":{"start":{"line":3,"column":22},"end":{"line":6,"column":1}},"1":{"start":{"line":9,"column":28},"end":{"line":9,"column":34}},"2":{"start":{"line":11,"column":2},"end":{"line":20,"column":3}},"3":{"start":{"line":13,"column":6},"end":{"line":13,"column":38}},"4":{"start":{"line":16,"column":6},"end":{"line":16,"column":34}},"5":{"start":{"line":19,"column":6},"end":{"line":19,"column":19}}},"fnMap":{"0":{"name":"(anonymous_0)","decl":{"start":{"line":8,"column":15},"end":{"line":8,"column":16}},"loc":{"start":{"line":8,"column":50},"end":{"line":21,"column":1}},"line":8}},"branchMap":{"0":{"loc":{"start":{"line":8,"column":16},"end":{"line":8,"column":37}},"type":"default-arg","locations":[{"start":{"line":8,"column":24},"end":{"line":8,"column":37}}],"line":8},"1":{"loc":{"start":{"line":11,"column":2},"end":{"line":20,"column":3}},"type":"switch","locations":[{"start":{"line":12,"column":4},"end":{"line":13,"column":38}},{"start":{"line":15,"column":4},"end":{"line":16,"column":34}},{"start":{"line":18,"column":4},"end":{"line":19,"column":19}}],"line":11}},"s":{"0":1,"1":5,"2":5,"3":0,"4":0,"5":5},"f":{"0":5},"b":{"0":[3],"1":[0,0,5]},"_coverageSchema":"43e27e138ebf9cfc5966b082cf9a028302ed4184","hash":"f1bae9132ac2fe50bbd0b49c4f633837e6f32a47"}
,"C:\\Users\\Anthony\\Documents\\code\\solo\\paper-dragon\\src\\reducers\\characterReducer.js": {"path":"C:\\Users\\Anthony\\Documents\\code\\solo\\paper-dragon\\src\\reducers\\characterReducer.js","statementMap":{"0":{"start":{"line":3,"column":22},"end":{"line":16,"column":1}},"1":{"start":{"line":19,"column":28},"end":{"line":19,"column":34}},"2":{"start":{"line":21,"column":2},"end":{"line":34,"column":3}},"3":{"start":{"line":23,"column":6},"end":{"line":23,"column":38}},"4":{"start":{"line":26,"column":6},"end":{"line":30,"column":8}},"5":{"start":{"line":33,"column":6},"end":{"line":33,"column":19}}},"fnMap":{"0":{"name":"(anonymous_0)","decl":{"start":{"line":18,"column":15},"end":{"line":18,"column":16}},"loc":{"start":{"line":18,"column":50},"end":{"line":35,"column":1}},"line":18}},"branchMap":{"0":{"loc":{"start":{"line":18,"column":16},"end":{"line":18,"column":37}},"type":"default-arg","locations":[{"start":{"line":18,"column":24},"end":{"line":18,"column":37}}],"line":18},"1":{"loc":{"start":{"line":21,"column":2},"end":{"line":34,"column":3}},"type":"switch","locations":[{"start":{"line":22,"column":4},"end":{"line":23,"column":38}},{"start":{"line":25,"column":4},"end":{"line":30,"column":8}},{"start":{"line":32,"column":4},"end":{"line":33,"column":19}}],"line":21}},"s":{"0":1,"1":5,"2":5,"3":0,"4":0,"5":5},"f":{"0":5},"b":{"0":[3],"1":[0,0,5]},"_coverageSchema":"43e27e138ebf9cfc5966b082cf9a028302ed4184","hash":"124e27462cb509756f5423d0db7e1bf228b8e0a3"}
,"C:\\Users\\Anthony\\Documents\\code\\solo\\paper-dragon\\src\\reducers\\index.js": {"path":"C:\\Users\\Anthony\\Documents\\code\\solo\\paper-dragon\\src\\reducers\\index.js","statementMap":{"0":{"start":{"line":11,"column":23},"end":{"line":15,"column":1}},"1":{"start":{"line":17,"column":26},"end":{"line":17,"column":62}},"2":{"start":{"line":19,"column":25},"end":{"line":19,"column":79}},"3":{"start":{"line":23,"column":12},"end":{"line":29,"column":1}},"4":{"start":{"line":31,"column":16},"end":{"line":31,"column":35}}},"fnMap":{},"branchMap":{"0":{"loc":{"start":{"line":19,"column":25},"end":{"line":19,"column":79}},"type":"binary-expr","locations":[{"start":{"line":19,"column":25},"end":{"line":19,"column":68}},{"start":{"line":19,"column":72},"end":{"line":19,"column":79}}],"line":19}},"s":{"0":1,"1":1,"2":1,"3":1,"4":1},"f":{},"b":{"0":[1,1]},"_coverageSchema":"43e27e138ebf9cfc5966b082cf9a028302ed4184","hash":"2af772454a154fe02aedb89a2a784dc8e0ec399e"}
}
