TN:
SF:C:\Users\Anthony\Documents\code\solo\paper-dragon\src\App.js
FN:6,(anonymous_0)
FNF:1
FNH:1
FNDA:1,(anonymous_0)
DA:6,1
DA:7,1
LF:2
LH:2
BRF:0
BRH:0
end_of_record
TN:
SF:C:\Users\Anthony\Documents\code\solo\paper-dragon\src\Root.js
FN:10,(anonymous_0)
FNF:1
FNH:1
FNDA:1,(anonymous_0)
DA:11,1
LF:1
LH:1
BRF:0
BRH:0
end_of_record
TN:
SF:C:\Users\Anthony\Documents\code\solo\paper-dragon\src\Routes.js
FN:11,(anonymous_0)
FNF:1
FNH:0
FNDA:0,(anonymous_0)
DA:11,1
DA:12,0
LF:2
LH:1
BRF:0
BRH:0
end_of_record
TN:
SF:C:\Users\Anthony\Documents\code\solo\paper-dragon\src\history.js
FNF:0
FNH:0
LF:0
LH:0
BRF:0
BRH:0
end_of_record
TN:
SF:C:\Users\Anthony\Documents\code\solo\paper-dragon\src\actions\index.js
FN:8,(anonymous_0)
FN:17,(anonymous_1)
FNF:2
FNH:0
FNDA:0,(anonymous_0)
FNDA:0,(anonymous_1)
DA:1,2
DA:2,2
DA:3,2
DA:4,2
DA:5,2
DA:6,2
DA:8,2
DA:9,0
DA:17,2
DA:18,0
LF:10
LH:8
BRF:0
BRH:0
end_of_record
TN:
SF:C:\Users\Anthony\Documents\code\solo\paper-dragon\src\components\AccountSetting.js
FN:4,(anonymous_0)
FNF:1
FNH:0
FNDA:0,(anonymous_0)
DA:4,0
DA:5,0
LF:2
LH:0
BRF:0
BRH:0
end_of_record
TN:
SF:C:\Users\Anthony\Documents\code\solo\paper-dragon\src\components\Header.js
FN:7,(anonymous_0)
FN:23,(anonymous_1)
FN:34,(anonymous_2)
FNF:3
FNH:0
FNDA:0,(anonymous_0)
FNDA:0,(anonymous_1)
FNDA:0,(anonymous_2)
DA:7,1
DA:8,0
DA:10,0
DA:24,0
DA:34,1
DA:35,0
DA:36,0
LF:7
LH:2
BRDA:10,0,0,0
BRDA:10,0,1,0
BRF:2
BRH:0
end_of_record
TN:
SF:C:\Users\Anthony\Documents\code\solo\paper-dragon\src\components\HomePage.js
FN:11,(anonymous_0)
FN:31,(anonymous_1)
FN:37,(anonymous_2)
FN:73,(anonymous_3)
FNF:4
FNH:0
FNDA:0,(anonymous_0)
FNDA:0,(anonymous_1)
FNDA:0,(anonymous_2)
FNDA:0,(anonymous_3)
DA:9,0
DA:11,0
DA:12,0
DA:14,0
DA:16,0
DA:18,0
DA:20,0
DA:21,0
DA:23,0
DA:25,0
DA:27,0
DA:31,0
DA:32,0
DA:34,0
DA:37,0
DA:38,0
DA:40,0
DA:42,0
DA:73,1
DA:74,0
DA:75,0
LF:21
LH:1
BRDA:20,0,0,0
BRDA:20,0,1,0
BRDA:45,1,0,0
BRDA:45,1,1,0
BRF:4
BRH:0
end_of_record
TN:
SF:C:\Users\Anthony\Documents\code\solo\paper-dragon\src\components\SignUp.js
FN:10,(anonymous_0)
FN:34,(anonymous_1)
FN:42,(anonymous_2)
FN:49,(anonymous_3)
FN:95,(anonymous_4)
FNF:5
FNH:0
FNDA:0,(anonymous_0)
FNDA:0,(anonymous_1)
FNDA:0,(anonymous_2)
FNDA:0,(anonymous_3)
FNDA:0,(anonymous_4)
DA:8,0
DA:10,0
DA:11,0
DA:13,0
DA:15,0
DA:17,0
DA:21,0
DA:22,0
DA:24,0
DA:26,0
DA:28,0
DA:30,0
DA:34,0
DA:35,0
DA:37,0
DA:39,0
DA:42,0
DA:43,0
DA:44,0
DA:46,0
DA:50,0
DA:52,0
DA:95,2
DA:96,0
DA:97,0
LF:25
LH:1
BRDA:21,0,0,0
BRDA:21,0,1,0
BRDA:43,1,0,0
BRDA:43,1,1,0
BRF:4
BRH:0
end_of_record
TN:
SF:C:\Users\Anthony\Documents\code\solo\paper-dragon\src\components\character\Character.js
FN:4,(anonymous_0)
FN:18,(anonymous_1)
FNF:2
FNH:0
FNDA:0,(anonymous_0)
FNDA:0,(anonymous_1)
DA:4,1
DA:5,0
DA:7,0
DA:18,1
DA:19,0
DA:20,0
LF:6
LH:2
BRF:0
BRH:0
end_of_record
TN:
SF:C:\Users\Anthony\Documents\code\solo\paper-dragon\src\components\character\CharacterList.js
FN:7,(anonymous_0)
FN:8,(anonymous_1)
FN:8,(anonymous_2)
FN:13,(anonymous_3)
FNF:4
FNH:0
FNDA:0,(anonymous_0)
FNDA:0,(anonymous_1)
FNDA:0,(anonymous_2)
FNDA:0,(anonymous_3)
DA:7,1
DA:8,0
DA:10,0
DA:14,0
LF:4
LH:1
BRF:0
BRH:0
end_of_record
TN:
SF:C:\Users\Anthony\Documents\code\solo\paper-dragon\src\components\character\CharacterPage.js
FN:11,(anonymous_0)
FN:20,(anonymous_1)
FN:40,(anonymous_2)
FNF:3
FNH:0
FNDA:0,(anonymous_0)
FNDA:0,(anonymous_1)
FNDA:0,(anonymous_2)
DA:9,0
DA:11,0
DA:12,0
DA:14,0
DA:15,0
DA:17,0
DA:20,0
DA:21,0
DA:23,0
DA:40,1
DA:41,0
DA:42,0
LF:12
LH:1
BRDA:28,0,0,0
BRDA:28,0,1,0
BRF:2
BRH:0
end_of_record
TN:
SF:C:\Users\Anthony\Documents\code\solo\paper-dragon\src\components\character\CreateCharacterPage.js
FN:9,(anonymous_0)
FN:15,(anonymous_1)
FN:29,(anonymous_2)
FN:53,(anonymous_3)
FNF:4
FNH:0
FNDA:0,(anonymous_0)
FNDA:0,(anonymous_1)
FNDA:0,(anonymous_2)
FNDA:0,(anonymous_3)
DA:7,0
DA:9,0
DA:10,0
DA:12,0
DA:15,0
DA:16,0
DA:18,0
DA:20,0
DA:22,0
DA:24,0
DA:26,0
DA:30,0
DA:31,0
DA:53,1
DA:54,0
DA:55,0
LF:16
LH:1
BRF:0
BRH:0
end_of_record
TN:
SF:C:\Users\Anthony\Documents\code\solo\paper-dragon\src\proxies\Character.js
FN:3,createCharacter
FN:7,fetchCharacters
FNF:2
FNH:0
FNDA:0,createCharacter
FNDA:0,fetchCharacters
DA:4,0
DA:8,0
LF:2
LH:0
BRF:0
BRH:0
end_of_record
TN:
SF:C:\Users\Anthony\Documents\code\solo\paper-dragon\src\proxies\User.js
FN:3,createUser
FN:7,userLogIn
FNF:2
FNH:0
FNDA:0,createUser
FNDA:0,userLogIn
DA:4,0
DA:8,0
LF:2
LH:0
BRF:0
BRH:0
end_of_record
TN:
SF:C:\Users\Anthony\Documents\code\solo\paper-dragon\src\proxies\api.js
FNF:0
FNH:0
LF:0
LH:0
BRF:0
BRH:0
end_of_record
TN:
SF:C:\Users\Anthony\Documents\code\solo\paper-dragon\src\reducers\UserReducer.js
FN:8,(anonymous_0)
FNF:1
FNH:1
FNDA:5,(anonymous_0)
DA:3,1
DA:9,5
DA:11,5
DA:13,0
DA:16,0
DA:19,5
LF:6
LH:4
BRDA:8,0,0,3
BRDA:11,1,0,0
BRDA:11,1,1,0
BRDA:11,1,2,5
BRF:4
BRH:2
end_of_record
TN:
SF:C:\Users\Anthony\Documents\code\solo\paper-dragon\src\reducers\characterReducer.js
FN:18,(anonymous_0)
FNF:1
FNH:1
FNDA:5,(anonymous_0)
DA:3,1
DA:19,5
DA:21,5
DA:23,0
DA:26,0
DA:33,5
LF:6
LH:4
BRDA:18,0,0,3
BRDA:21,1,0,0
BRDA:21,1,1,0
BRDA:21,1,2,5
BRF:4
BRH:2
end_of_record
TN:
SF:C:\Users\Anthony\Documents\code\solo\paper-dragon\src\reducers\index.js
FNF:0
FNH:0
DA:11,1
DA:17,1
DA:19,1
DA:23,1
DA:31,1
LF:5
LH:5
BRDA:19,0,0,1
BRDA:19,0,1,1
BRF:2
BRH:2
end_of_record
